[0324/012352.791:ERROR:process_info.cc(329)] VirtualQueryEx: Access is denied. (0x5)
[0324/012352.401:ERROR:process_info.cc(329)] VirtualQueryEx: Access is denied. (0x5)
[0324/012353.791:ERROR:process_info.cc(556)] ReadMemoryInfo failed
[0324/012352.948:ERROR:process_info.cc(329)] VirtualQueryEx: Access is denied. (0x5)
[0324/012352.807:ERROR:process_info.cc(329)] VirtualQueryEx: Access is denied. (0x5)
[0324/012352.166:ERROR:process_info.cc(118)] ReadProcessMemory bool __cdecl crashpad::(anonymous namespace)::ReadStruct(HANDLE, crashpad::WinVMAddress, T *) [T = crashpad::process_types::PEB<crashpad::process_types::internal::Traits64>]: Only part of a ReadProcessMemory or WriteProcessMemory request was completed. (0x12B)
[0324/012351.010:ERROR:scoped_process_suspend.cc(31)] NtSuspendProcess: An attempt was made to access an exiting process. (0xc000010a)
[0324/012352.791:ERROR:process_info.cc(329)] VirtualQueryEx: Access is denied. (0x5)
[0324/012353.791:ERROR:process_info.cc(556)] ReadMemoryInfo failed
[0324/012353.791:ERROR:process_info.cc(556)] ReadMemoryInfo failed
[0324/012353.791:ERROR:process_info.cc(556)] ReadMemoryInfo failed
[0324/012353.791:ERROR:process_info.cc(551)] ReadProcessData failed
[0324/012353.791:ERROR:process_info.cc(556)] ReadMemoryInfo failed
[0324/012353.791:ERROR:process_info.cc(118)] ReadProcessMemory bool __cdecl crashpad::(anonymous namespace)::ReadStruct(HANDLE, crashpad::WinVMAddress, T *) [T = crashpad::process_types::PEB<crashpad::process_types::internal::Traits64>]: Only part of a ReadProcessMemory or WriteProcessMemory request was completed. (0x12B)
[0324/012353.791:ERROR:process_info.cc(551)] ReadProcessData failed
[0324/012354.166:ERROR:scoped_process_suspend.cc(40)] NtResumeProcess: An attempt was made to access an exiting process. (0xc000010a)
[0324/012354.166:ERROR:scoped_process_suspend.cc(40)] NtResumeProcess: An attempt was made to access an exiting process. (0xc000010a)
[0324/012354.166:ERROR:scoped_process_suspend.cc(40)] NtResumeProcess: An attempt was made to access an exiting process. (0xc000010a)
[0324/012354.166:ERROR:scoped_process_suspend.cc(40)] NtResumeProcess: An attempt was made to access an exiting process. (0xc000010a)
[0324/012354.166:ERROR:scoped_process_suspend.cc(40)] NtResumeProcess: An attempt was made to access an exiting process. (0xc000010a)
[0324/012354.166:ERROR:scoped_process_suspend.cc(40)] NtResumeProcess: An attempt was made to access an exiting process. (0xc000010a)
[0413/214644.354:ERROR:process_reader_win.cc(123)] NtOpenThread: {Access Denied} A process has requested access to an object, but has not been granted those access rights. (0xc0000022)
[0413/214645.004:ERROR:process_reader_win.cc(123)] NtOpenThread: {Access Denied} A process has requested access to an object, but has not been granted those access rights. (0xc0000022)
[0413/214647.224:ERROR:exception_snapshot_win.cc(98)] thread ID 15580 not found in process
[0413/214647.224:ERROR:exception_snapshot_win.cc(98)] thread ID 13712 not found in process
[0413/214647.254:ERROR:scoped_process_suspend.cc(40)] NtResumeProcess: An attempt was made to access an exiting process. (0xc000010a)
[0413/214647.254:ERROR:scoped_process_suspend.cc(40)] NtResumeProcess: An attempt was made to access an exiting process. (0xc000010a)
