2021/11/14 00:33:48 [notice] 1#1: using the "epoll" event method
2021/11/14 00:33:48 [notice] 1#1: nginx/1.21.3
2021/11/14 00:33:48 [notice] 1#1: built by gcc 8.3.0 (Debian 8.3.0-6) 
2021/11/14 00:33:48 [notice] 1#1: OS: Linux 5.10.47-linuxkit
2021/11/14 00:33:48 [notice] 1#1: getrlimit(RLIMIT_NOFILE): 1048576:1048576
2021/11/14 00:33:48 [notice] 1#1: start worker processes
2021/11/14 00:33:48 [notice] 1#1: start worker process 24
2021/11/14 00:33:48 [notice] 1#1: start worker process 25
2021/11/14 00:48:58 [notice] 1#1: signal 3 (SIGQUIT) received, shutting down
2021/11/14 00:48:58 [notice] 24#24: gracefully shutting down
2021/11/14 00:48:58 [notice] 25#25: gracefully shutting down
2021/11/14 00:48:58 [notice] 24#24: exiting
2021/11/14 00:48:58 [notice] 24#24: exit
2021/11/14 00:48:58 [notice] 1#1: signal 17 (SIGCHLD) received from 24
2021/11/14 00:48:58 [notice] 1#1: worker process 24 exited with code 0
2021/11/14 00:48:58 [notice] 1#1: signal 29 (SIGIO) received
2021/11/14 00:49:12 [notice] 1#1: using the "epoll" event method
2021/11/14 00:49:12 [notice] 1#1: nginx/1.21.3
2021/11/14 00:49:12 [notice] 1#1: built by gcc 8.3.0 (Debian 8.3.0-6) 
2021/11/14 00:49:12 [notice] 1#1: OS: Linux 5.10.47-linuxkit
2021/11/14 00:49:12 [notice] 1#1: getrlimit(RLIMIT_NOFILE): 1048576:1048576
2021/11/14 00:49:12 [notice] 1#1: start worker processes
2021/11/14 00:49:12 [notice] 1#1: start worker process 25
2021/11/14 00:49:12 [notice] 1#1: start worker process 26
2021/11/14 00:58:01 [notice] 1#1: using the "epoll" event method
2021/11/14 00:58:01 [notice] 1#1: nginx/1.21.3
2021/11/14 00:58:01 [notice] 1#1: built by gcc 8.3.0 (Debian 8.3.0-6) 
2021/11/14 00:58:01 [notice] 1#1: OS: Linux 5.10.47-linuxkit
2021/11/14 00:58:01 [notice] 1#1: getrlimit(RLIMIT_NOFILE): 1048576:1048576
2021/11/14 00:58:01 [notice] 1#1: start worker processes
2021/11/14 00:58:01 [notice] 1#1: start worker process 26
2021/11/14 00:58:01 [notice] 1#1: start worker process 27
2021/11/14 00:59:00 [notice] 1#1: using the "epoll" event method
2021/11/14 00:59:00 [notice] 1#1: nginx/1.21.3
2021/11/14 00:59:00 [notice] 1#1: built by gcc 8.3.0 (Debian 8.3.0-6) 
2021/11/14 00:59:00 [notice] 1#1: OS: Linux 5.10.47-linuxkit
2021/11/14 00:59:00 [notice] 1#1: getrlimit(RLIMIT_NOFILE): 1048576:1048576
2021/11/14 00:59:00 [notice] 1#1: start worker processes
2021/11/14 00:59:00 [notice] 1#1: start worker process 24
2021/11/14 00:59:00 [notice] 1#1: start worker process 25
2021/11/14 01:00:31 [notice] 1#1: using the "epoll" event method
2021/11/14 01:00:31 [notice] 1#1: nginx/1.21.3
2021/11/14 01:00:31 [notice] 1#1: built by gcc 8.3.0 (Debian 8.3.0-6) 
2021/11/14 01:00:31 [notice] 1#1: OS: Linux 5.10.47-linuxkit
2021/11/14 01:00:31 [notice] 1#1: getrlimit(RLIMIT_NOFILE): 1048576:1048576
2021/11/14 01:00:31 [notice] 1#1: start worker processes
2021/11/14 01:00:31 [notice] 1#1: start worker process 24
2021/11/14 01:00:31 [notice] 1#1: start worker process 25
2021/11/14 01:00:58 [notice] 1#1: using the "epoll" event method
2021/11/14 01:00:58 [notice] 1#1: nginx/1.21.3
2021/11/14 01:00:58 [notice] 1#1: built by gcc 8.3.0 (Debian 8.3.0-6) 
2021/11/14 01:00:58 [notice] 1#1: OS: Linux 5.10.47-linuxkit
2021/11/14 01:00:58 [notice] 1#1: getrlimit(RLIMIT_NOFILE): 1048576:1048576
2021/11/14 01:00:58 [notice] 1#1: start worker processes
2021/11/14 01:00:58 [notice] 1#1: start worker process 24
2021/11/14 01:00:58 [notice] 1#1: start worker process 25
2021/11/14 01:04:53 [notice] 1#1: using the "epoll" event method
2021/11/14 01:04:53 [notice] 1#1: nginx/1.21.3
2021/11/14 01:04:53 [notice] 1#1: built by gcc 8.3.0 (Debian 8.3.0-6) 
2021/11/14 01:04:53 [notice] 1#1: OS: Linux 5.10.47-linuxkit
2021/11/14 01:04:53 [notice] 1#1: getrlimit(RLIMIT_NOFILE): 1048576:1048576
2021/11/14 01:04:53 [notice] 1#1: start worker processes
2021/11/14 01:04:53 [notice] 1#1: start worker process 24
2021/11/14 01:04:53 [notice] 1#1: start worker process 25
2021/11/14 01:05:25 [notice] 1#1: using the "epoll" event method
2021/11/14 01:05:25 [notice] 1#1: nginx/1.21.3
2021/11/14 01:05:25 [notice] 1#1: built by gcc 8.3.0 (Debian 8.3.0-6) 
2021/11/14 01:05:25 [notice] 1#1: OS: Linux 5.10.47-linuxkit
2021/11/14 01:05:25 [notice] 1#1: getrlimit(RLIMIT_NOFILE): 1048576:1048576
2021/11/14 01:05:25 [notice] 1#1: start worker processes
2021/11/14 01:05:25 [notice] 1#1: start worker process 24
2021/11/14 01:05:25 [notice] 1#1: start worker process 25
2021/11/14 01:05:52 [error] 25#25: *2 connect() failed (111: Connection refused) while connecting to upstream, client: 172.27.0.1, server: localhost, request: "GET /equipment_management/equipment_list HTTP/1.1", upstream: "http://172.27.0.3:3000/equipment_management/equipment_list", host: "localhost"
2021/11/14 01:08:44 [error] 25#25: *4 connect() failed (111: Connection refused) while connecting to upstream, client: 172.27.0.1, server: localhost, request: "GET /equipment_management/equipment_list HTTP/1.1", upstream: "http://172.27.0.3:3000/equipment_management/equipment_list", host: "localhost"
2021/11/14 01:09:08 [emerg] 1#1: host not found in upstream "lab_management" in /etc/nginx/conf.d/default.conf:11
2021/11/14 01:09:46 [emerg] 1#1: host not found in upstream "lab_management" in /etc/nginx/conf.d/default.conf:11
2021/11/14 01:10:01 [emerg] 1#1: host not found in upstream "lab_management" in /etc/nginx/conf.d/default.conf:11
2021/11/14 01:11:04 [emerg] 1#1: host not found in upstream "lab_management" in /etc/nginx/conf.d/default.conf:11
2021/11/14 01:14:52 [emerg] 1#1: host not found in resolver "include" in /etc/nginx/conf.d/default.conf:10
2021/11/14 01:16:26 [notice] 1#1: using the "epoll" event method
2021/11/14 01:16:26 [notice] 1#1: nginx/1.21.3
2021/11/14 01:16:26 [notice] 1#1: built by gcc 8.3.0 (Debian 8.3.0-6) 
2021/11/14 01:16:26 [notice] 1#1: OS: Linux 5.10.47-linuxkit
2021/11/14 01:16:26 [notice] 1#1: getrlimit(RLIMIT_NOFILE): 1048576:1048576
2021/11/14 01:16:26 [notice] 1#1: start worker processes
2021/11/14 01:16:26 [notice] 1#1: start worker process 24
2021/11/14 01:16:26 [notice] 1#1: start worker process 25
2021/11/14 02:13:18 [notice] 1#1: signal 3 (SIGQUIT) received, shutting down
2021/11/14 02:13:18 [notice] 25#25: gracefully shutting down
2021/11/14 02:13:18 [notice] 25#25: exiting
2021/11/14 02:13:18 [notice] 25#25: exit
2021/11/14 02:13:18 [notice] 24#24: gracefully shutting down
2021/11/14 02:13:18 [notice] 24#24: exiting
2021/11/14 02:13:18 [notice] 24#24: exit
2021/11/14 02:13:18 [notice] 1#1: signal 17 (SIGCHLD) received from 25
2021/11/14 02:13:18 [notice] 1#1: worker process 25 exited with code 0
2021/11/14 02:13:18 [notice] 1#1: signal 29 (SIGIO) received
2021/11/14 02:13:18 [notice] 1#1: signal 17 (SIGCHLD) received from 24
2021/11/14 02:13:18 [notice] 1#1: worker process 24 exited with code 0
2021/11/14 02:13:18 [notice] 1#1: exit
2021/11/14 02:13:19 [notice] 1#1: using the "epoll" event method
2021/11/14 02:13:19 [notice] 1#1: nginx/1.21.3
2021/11/14 02:13:19 [notice] 1#1: built by gcc 8.3.0 (Debian 8.3.0-6) 
2021/11/14 02:13:19 [notice] 1#1: OS: Linux 5.10.47-linuxkit
2021/11/14 02:13:19 [notice] 1#1: getrlimit(RLIMIT_NOFILE): 1048576:1048576
2021/11/14 02:13:19 [notice] 1#1: start worker processes
2021/11/14 02:13:19 [notice] 1#1: start worker process 25
2021/11/14 02:13:19 [notice] 1#1: start worker process 26
2021/11/14 11:17:53 [emerg] 1#1: host not found in upstream "lab_management" in /etc/nginx/conf.d/default.conf:11
2021/11/14 11:20:59 [emerg] 1#1: host not found in upstream "lab_management" in /etc/nginx/conf.d/default.conf:11
2021/11/14 11:22:33 [emerg] 1#1: host not found in upstream "lab_management" in /etc/nginx/conf.d/default.conf:11
2021/11/14 11:25:27 [emerg] 1#1: host not found in upstream "lab_management" in /etc/nginx/conf.d/default.conf:11
2021/11/14 11:26:44 [emerg] 1#1: host not found in upstream "lab_management" in /etc/nginx/conf.d/default.conf:11
2021/11/14 11:27:35 [notice] 1#1: using the "epoll" event method
2021/11/14 11:27:35 [notice] 1#1: nginx/1.21.3
2021/11/14 11:27:35 [notice] 1#1: built by gcc 8.3.0 (Debian 8.3.0-6) 
2021/11/14 11:27:35 [notice] 1#1: OS: Linux 5.10.47-linuxkit
2021/11/14 11:27:35 [notice] 1#1: getrlimit(RLIMIT_NOFILE): 1048576:1048576
2021/11/14 11:27:35 [notice] 1#1: start worker processes
2021/11/14 11:27:35 [notice] 1#1: start worker process 24
2021/11/14 11:27:35 [notice] 1#1: start worker process 25
